#
# There is insufficient memory for the Java Runtime Environment to continue.
# Native memory allocation (malloc) failed to allocate 32784 bytes for Chunk::new
# Possible reasons:
#   The system is out of physical RAM or swap space
#   In 32 bit mode, the process size limit was hit
# Possible solutions:
#   Reduce memory load on the system
#   Increase physical memory or swap space
#   Check if swap backing store is full
#   Use 64 bit Java on a 64 bit OS
#   Decrease Java heap size (-Xmx/-Xms)
#   Decrease number of Java threads
#   Decrease Java thread stack sizes (-Xss)
#   Set larger code cache with -XX:ReservedCodeCacheSize=
# This output file may be truncated or incomplete.
#
#  Out of Memory Error (allocation.cpp:390), pid=7428, tid=0x0000000000000fa4
#
# JRE version: Java(TM) SE Runtime Environment (8.0_131-b11) (build 1.8.0_131-b11)
# Java VM: Java HotSpot(TM) 64-Bit Server VM (25.131-b11 mixed mode windows-amd64 compressed oops)
# Failed to write core dump. Minidumps are not enabled by default on client versions of Windows
#

---------------  T H R E A D  ---------------

Current thread (0x000000001e7b3000):  JavaThread "C2 CompilerThread1" daemon [_thread_in_native, id=4004, stack(0x0000000020750000,0x0000000020850000)]

Stack: [0x0000000020750000,0x0000000020850000]
[error occurred during error reporting (printing stack bounds), id 0xc0000005]

Native frames: (J=compiled Java code, j=interpreted, Vv=VM code, C=native code)


Current CompileTask:
C2:  62713 13147   !   4       org.eclipse.jetty.annotations.AnnotationParser$MyClassVisitor::visit (174 bytes)


---------------  P R O C E S S  ---------------

Java Threads: ( => current thread )
  0x0000000024a2a800 JavaThread "qtp2030571958-78" [_thread_in_vm, id=9156, stack(0x00000000294d0000,0x00000000295d0000)]
  0x0000000024a29000 JavaThread "qtp2030571958-77" [_thread_blocked, id=7076, stack(0x00000000293d0000,0x00000000294d0000)]
  0x0000000024a25800 JavaThread "qtp2030571958-76" [_thread_blocked, id=2108, stack(0x00000000292d0000,0x00000000293d0000)]
  0x0000000024a24800 JavaThread "qtp2030571958-75" [_thread_in_vm, id=9244, stack(0x00000000291d0000,0x00000000292d0000)]
  0x0000000024a28800 JavaThread "qtp2030571958-74" [_thread_in_vm, id=9352, stack(0x00000000290d0000,0x00000000291d0000)]
  0x0000000024a27800 JavaThread "qtp2030571958-73" [_thread_blocked, id=5180, stack(0x0000000028fd0000,0x00000000290d0000)]
  0x0000000024a23000 JavaThread "qtp2030571958-72" [_thread_blocked, id=9300, stack(0x0000000028ed0000,0x0000000028fd0000)]
  0x0000000024a1e800 JavaThread "qtp2030571958-71" [_thread_in_vm, id=10004, stack(0x0000000028dd0000,0x0000000028ed0000)]
  0x000000001e7c0800 JavaThread "rebel-weak-reaper" daemon [_thread_blocked, id=5716, stack(0x0000000024560000,0x0000000024660000)]
  0x000000001e7b7800 JavaThread "Service Thread" daemon [_thread_blocked, id=10216, stack(0x0000000020950000,0x0000000020a50000)]
  0x000000001e7b4800 JavaThread "C1 CompilerThread2" daemon [_thread_blocked, id=9996, stack(0x0000000020850000,0x0000000020950000)]
=>0x000000001e7b3000 JavaThread "C2 CompilerThread1" daemon [_thread_in_native, id=4004, stack(0x0000000020750000,0x0000000020850000)]
  0x000000001e7b6800 JavaThread "C2 CompilerThread0" daemon [_thread_in_native, id=9980, stack(0x0000000020650000,0x0000000020750000)]
  0x000000001e7b9800 JavaThread "Monitor Ctrl-Break" daemon [_thread_in_native, id=7144, stack(0x0000000020550000,0x0000000020650000)]
  0x000000001e7b6000 JavaThread "xrebel-Thread-21" daemon [_thread_blocked, id=5980, stack(0x0000000020350000,0x0000000020450000)]
  0x000000001e7b5000 JavaThread "xrebel-Thread-20" daemon [_thread_blocked, id=8340, stack(0x0000000020250000,0x0000000020350000)]
  0x000000001c906000 JavaThread "xrebel-Thread-19" daemon [_thread_blocked, id=9832, stack(0x0000000020150000,0x0000000020250000)]
  0x000000001c905000 JavaThread "xrebel-Thread-18" daemon [_thread_blocked, id=9792, stack(0x0000000020050000,0x0000000020150000)]
  0x000000001c904800 JavaThread "xrebel-Thread-17" daemon [_thread_blocked, id=7488, stack(0x000000001ff50000,0x0000000020050000)]
  0x000000001c903800 JavaThread "xrebel-Thread-16" daemon [_thread_blocked, id=9880, stack(0x000000001fe50000,0x000000001ff50000)]
  0x000000001c902000 JavaThread "xrebel-Thread-15" daemon [_thread_blocked, id=9420, stack(0x000000001fd50000,0x000000001fe50000)]
  0x000000001c902800 JavaThread "xrebel-Thread-14" daemon [_thread_blocked, id=10236, stack(0x000000001fc50000,0x000000001fd50000)]
  0x000000001c901000 JavaThread "xrebel-Thread-13" daemon [_thread_blocked, id=340, stack(0x000000001fb50000,0x000000001fc50000)]
  0x000000001c906800 JavaThread "xrebel-Thread-12" daemon [_thread_blocked, id=1188, stack(0x000000001fa50000,0x000000001fb50000)]
  0x000000001c8fc800 JavaThread "xrebel-Thread-11" daemon [_thread_blocked, id=8412, stack(0x000000001f950000,0x000000001fa50000)]
  0x000000001c8ff000 JavaThread "xrebel-Thread-10" daemon [_thread_blocked, id=9500, stack(0x000000001f850000,0x000000001f950000)]
  0x000000001c8fb000 JavaThread "BusyLoopTime" daemon [_thread_blocked, id=2628, stack(0x000000001f350000,0x000000001f450000)]
  0x000000001bee1800 JavaThread "rebel-IDENotificationsImpl-PostCycle" daemon [_thread_blocked, id=5684, stack(0x000000001da80000,0x000000001db80000)]
  0x000000001bee4000 JavaThread "rebel-logger" daemon [_thread_blocked, id=10144, stack(0x000000001d980000,0x000000001da80000)]
  0x000000001bee2800 JavaThread "rebel-messaging-executor-38" daemon [_thread_blocked, id=8736, stack(0x000000001d880000,0x000000001d980000)]
  0x000000001bee0000 JavaThread "pool-3-thread-1" daemon [_thread_in_native, id=9160, stack(0x000000001d480000,0x000000001d580000)]
  0x000000001bede000 JavaThread "rebel-change-detector-thread" daemon [_thread_blocked, id=9688, stack(0x000000001d380000,0x000000001d480000)]
  0x000000001bedf800 JavaThread "rebel-debugger-thread" daemon [_thread_blocked, id=9788, stack(0x000000001d280000,0x000000001d380000)]
  0x000000001bee1000 JavaThread "rebel-debugger-attach-notifier" daemon [_thread_blocked, id=6344, stack(0x000000001d180000,0x000000001d280000)]
  0x000000001be38800 JavaThread "rebel-heartbeat-thread" daemon [_thread_blocked, id=9652, stack(0x000000001d080000,0x000000001d180000)]
  0x000000001be38000 JavaThread "rebel-redeploy-thread" daemon [_thread_blocked, id=8900, stack(0x000000001cf80000,0x000000001d080000)]
  0x000000001b1e2000 JavaThread "rebel-leaseManager-1" daemon [_thread_blocked, id=6900, stack(0x000000001cd80000,0x000000001ce80000)]
  0x0000000018a81800 JavaThread "rebel-cache-writer" daemon [_thread_blocked, id=6768, stack(0x000000001cc80000,0x000000001cd80000)]
  0x0000000018c31800 JavaThread "rebel-fsnotify-OutputReader" daemon [_thread_blocked, id=9124, stack(0x000000001bbb0000,0x000000001bcb0000)]
  0x0000000018c2c800 JavaThread "rebel-fsnotify-OutputReader" daemon [_thread_blocked, id=8196, stack(0x000000001bab0000,0x000000001bbb0000)]
  0x0000000018c2a000 JavaThread "rebel-fsnotify-ShutdownOnTermination" daemon [_thread_in_native, id=10168, stack(0x000000001b9b0000,0x000000001bab0000)]
  0x0000000018c17800 JavaThread "rebel-CacheKeepAlive" daemon [_thread_blocked, id=9976, stack(0x000000001a8b0000,0x000000001a9b0000)]
  0x0000000018af6800 JavaThread "rebel-logger" daemon [_thread_blocked, id=9376, stack(0x000000001a7b0000,0x000000001a8b0000)]
  0x0000000002c9a800 JavaThread "Attach Listener" daemon [_thread_blocked, id=9992, stack(0x0000000018e80000,0x0000000018f80000)]
  0x000000001764b000 JavaThread "Signal Dispatcher" daemon [_thread_blocked, id=7504, stack(0x0000000018d80000,0x0000000018e80000)]
  0x0000000017618000 JavaThread "Finalizer" daemon [_thread_blocked, id=10096, stack(0x0000000018880000,0x0000000018980000)]
  0x000000001760f000 JavaThread "Reference Handler" daemon [_thread_blocked, id=9116, stack(0x0000000018780000,0x0000000018880000)]
  0x0000000002ba3000 JavaThread "main" [_thread_blocked, id=9036, stack(0x00000000028a0000,0x00000000029a0000)]

Other Threads:
  0x0000000002c98800 VMThread [stack: 0x0000000018680000,0x0000000018780000] [id=9772]
  0x000000001e7ee800 WatcherThread [stack: 0x0000000020a50000,0x0000000020b50000] [id=9564]

VM state:not at safepoint (normal execution)

VM Mutex/Monitor currently owned by a thread: None

Heap:
 PSYoungGen      total 290816K, used 208055K [0x00000000d6e00000, 0x00000000eeb00000, 0x0000000100000000)
  eden space 270336K, 69% used [0x00000000d6e00000,0x00000000e25318a0,0x00000000e7600000)
  from space 20480K, 99% used [0x00000000e7600000,0x00000000e89fc368,0x00000000e8a00000)
  to   space 29696K, 0% used [0x00000000ece00000,0x00000000ece00000,0x00000000eeb00000)
 ParOldGen       total 120320K, used 47882K [0x0000000084a00000, 0x000000008bf80000, 0x00000000d6e00000)
  object space 120320K, 39% used [0x0000000084a00000,0x00000000878c2b40,0x000000008bf80000)
 Metaspace       used 70099K, capacity 72326K, committed 72448K, reserved 1114112K
  class space    used 8116K, capacity 8642K, committed 8704K, reserved 1048576K

Card table byte_map: [0x0000000012060000,0x0000000012440000] byte_map_base: 0x0000000011c3b000

Marking Bits: (ParMarkBitMap*) 0x000000005f9dc720
 Begin Bits: [0x0000000012ae0000, 0x00000000149b8000)
 End Bits:   [0x00000000149b8000, 0x0000000016890000)

Polling page: 0x0000000000840000

CodeCache: size=245760Kb used=35996Kb max_used=36738Kb free=209763Kb
 bounds [0x0000000002ca0000, 0x00000000050e0000, 0x0000000011ca0000]
 total_blobs=10558 nmethods=10021 adapters=448
 compilation: enabled

Compilation events (10 events):
Event: 62.376 Thread 0x000000001e7b4800 nmethod 13144 0x00000000050c9050 code [0x00000000050c9a00, 0x00000000050d0ec8]
Event: 62.377 Thread 0x000000001e7b4800 13142       3       org.objectweb.asm.Context::_jr$ip$a (9 bytes)
Event: 62.377 Thread 0x000000001e7b4800 nmethod 13142 0x000000000307d090 code [0x000000000307d200, 0x000000000307d430]
Event: 62.378 Thread 0x000000001e7b4800 13143       3       org.objectweb.asm.Context::_jr$ip$b (9 bytes)
Event: 62.379 Thread 0x000000001e7b4800 nmethod 13143 0x0000000003104910 code [0x0000000003104a80, 0x0000000003104cb0]
Event: 62.379 Thread 0x000000001e7b4800 13145       3       org.objectweb.asm.Context::<init> (5 bytes)
Event: 62.380 Thread 0x000000001e7b4800 nmethod 13145 0x000000000322a1d0 code [0x000000000322a340, 0x000000000322a550]
Event: 62.381 Thread 0x000000001e7b4800 13146       3       org.objectweb.asm.Context::_jr$ip$c (9 bytes)
Event: 62.381 Thread 0x000000001e7b4800 nmethod 13146 0x00000000031f9810 code [0x00000000031f9980, 0x00000000031f9bb0]
Event: 62.382 Thread 0x000000001e7b3000 13147   !   4       org.eclipse.jetty.annotations.AnnotationParser$MyClassVisitor::visit (174 bytes)

GC Heap History (10 events):
Event: 40.783 GC heap before
{Heap before GC invocations=22 (full 2):
 PSYoungGen      total 206848K, used 115457K [0x00000000d6e00000, 0x00000000e6d00000, 0x0000000100000000)
  eden space 193536K, 52% used [0x00000000d6e00000,0x00000000dd1c18a0,0x00000000e2b00000)
  from space 13312K, 99% used [0x00000000e2b00000,0x00000000e37fec48,0x00000000e3800000)
  to   space 15872K, 0% used [0x00000000e5d80000,0x00000000e5d80000,0x00000000e6d00000)
 ParOldGen       total 86016K, used 20351K [0x0000000084a00000, 0x0000000089e00000, 0x00000000d6e00000)
  object space 86016K, 23% used [0x0000000084a00000,0x0000000085ddfee0,0x0000000089e00000)
 Metaspace       used 56957K, capacity 59026K, committed 59160K, reserved 1101824K
  class space    used 6787K, capacity 7243K, committed 7296K, reserved 1048576K
Event: 40.802 GC heap after
Heap after GC invocations=22 (full 2):
 PSYoungGen      total 244224K, used 12105K [0x00000000d6e00000, 0x00000000e7480000, 0x0000000100000000)
  eden space 228352K, 0% used [0x00000000d6e00000,0x00000000d6e00000,0x00000000e4d00000)
  from space 15872K, 76% used [0x00000000e5d80000,0x00000000e69526c8,0x00000000e6d00000)
  to   space 16896K, 0% used [0x00000000e4d00000,0x00000000e4d00000,0x00000000e5d80000)
 ParOldGen       total 86016K, used 21743K [0x0000000084a00000, 0x0000000089e00000, 0x00000000d6e00000)
  object space 86016K, 25% used [0x0000000084a00000,0x0000000085f3bf10,0x0000000089e00000)
 Metaspace       used 56957K, capacity 59026K, committed 59160K, reserved 1101824K
  class space    used 6787K, capacity 7243K, committed 7296K, reserved 1048576K
}
Event: 40.802 GC heap before
{Heap before GC invocations=23 (full 3):
 PSYoungGen      total 244224K, used 12105K [0x00000000d6e00000, 0x00000000e7480000, 0x0000000100000000)
  eden space 228352K, 0% used [0x00000000d6e00000,0x00000000d6e00000,0x00000000e4d00000)
  from space 15872K, 76% used [0x00000000e5d80000,0x00000000e69526c8,0x00000000e6d00000)
  to   space 16896K, 0% used [0x00000000e4d00000,0x00000000e4d00000,0x00000000e5d80000)
 ParOldGen       total 86016K, used 21743K [0x0000000084a00000, 0x0000000089e00000, 0x00000000d6e00000)
  object space 86016K, 25% used [0x0000000084a00000,0x0000000085f3bf10,0x0000000089e00000)
 Metaspace       used 56957K, capacity 59026K, committed 59160K, reserved 1101824K
  class space    used 6787K, capacity 7243K, committed 7296K, reserved 1048576K
Event: 41.015 GC heap after
Heap after GC invocations=23 (full 3):
 PSYoungGen      total 244224K, used 0K [0x00000000d6e00000, 0x00000000e7480000, 0x0000000100000000)
  eden space 228352K, 0% used [0x00000000d6e00000,0x00000000d6e00000,0x00000000e4d00000)
  from space 15872K, 0% used [0x00000000e5d80000,0x00000000e5d80000,0x00000000e6d00000)
  to   space 16896K, 0% used [0x00000000e4d00000,0x00000000e4d00000,0x00000000e5d80000)
 ParOldGen       total 120320K, used 30721K [0x0000000084a00000, 0x000000008bf80000, 0x00000000d6e00000)
  object space 120320K, 25% used [0x0000000084a00000,0x0000000086800620,0x000000008bf80000)
 Metaspace       used 56954K, capacity 59020K, committed 59160K, reserved 1101824K
  class space    used 6787K, capacity 7242K, committed 7296K, reserved 1048576K
}
Event: 48.634 GC heap before
{Heap before GC invocations=24 (full 3):
 PSYoungGen      total 244224K, used 228352K [0x00000000d6e00000, 0x00000000e7480000, 0x0000000100000000)
  eden space 228352K, 100% used [0x00000000d6e00000,0x00000000e4d00000,0x00000000e4d00000)
  from space 15872K, 0% used [0x00000000e5d80000,0x00000000e5d80000,0x00000000e6d00000)
  to   space 16896K, 0% used [0x00000000e4d00000,0x00000000e4d00000,0x00000000e5d80000)
 ParOldGen       total 120320K, used 30721K [0x0000000084a00000, 0x000000008bf80000, 0x00000000d6e00000)
  object space 120320K, 25% used [0x0000000084a00000,0x0000000086800620,0x000000008bf80000)
 Metaspace       used 62185K, capacity 64356K, committed 64640K, reserved 1105920K
  class space    used 7202K, capacity 7694K, committed 7808K, reserved 1048576K
Event: 48.649 GC heap after
Heap after GC invocations=24 (full 3):
 PSYoungGen      total 245248K, used 13664K [0x00000000d6e00000, 0x00000000e9c80000, 0x0000000100000000)
  eden space 228352K, 0% used [0x00000000d6e00000,0x00000000d6e00000,0x00000000e4d00000)
  from space 16896K, 80% used [0x00000000e4d00000,0x00000000e5a58200,0x00000000e5d80000)
  to   space 17920K, 0% used [0x00000000e8b00000,0x00000000e8b00000,0x00000000e9c80000)
 ParOldGen       total 120320K, used 30729K [0x0000000084a00000, 0x000000008bf80000, 0x00000000d6e00000)
  object space 120320K, 25% used [0x0000000084a00000,0x0000000086802620,0x000000008bf80000)
 Metaspace       used 62185K, capacity 64356K, committed 64640K, reserved 1105920K
  class space    used 7202K, capacity 7694K, committed 7808K, reserved 1048576K
}
Event: 53.825 GC heap before
{Heap before GC invocations=25 (full 3):
 PSYoungGen      total 245248K, used 242016K [0x00000000d6e00000, 0x00000000e9c80000, 0x0000000100000000)
  eden space 228352K, 100% used [0x00000000d6e00000,0x00000000e4d00000,0x00000000e4d00000)
  from space 16896K, 80% used [0x00000000e4d00000,0x00000000e5a58200,0x00000000e5d80000)
  to   space 17920K, 0% used [0x00000000e8b00000,0x00000000e8b00000,0x00000000e9c80000)
 ParOldGen       total 120320K, used 30729K [0x0000000084a00000, 0x000000008bf80000, 0x00000000d6e00000)
  object space 120320K, 25% used [0x0000000084a00000,0x0000000086802620,0x000000008bf80000)
 Metaspace       used 65018K, capacity 67176K, committed 67456K, reserved 1107968K
  class space    used 7560K, capacity 8057K, committed 8064K, reserved 1048576K
Event: 53.848 GC heap after
Heap after GC invocations=25 (full 3):
 PSYoungGen      total 288256K, used 17917K [0x00000000d6e00000, 0x00000000e9e00000, 0x0000000100000000)
  eden space 270336K, 0% used [0x00000000d6e00000,0x00000000d6e00000,0x00000000e7600000)
  from space 17920K, 99% used [0x00000000e8b00000,0x00000000e9c7f400,0x00000000e9c80000)
  to   space 20480K, 0% used [0x00000000e7600000,0x00000000e7600000,0x00000000e8a00000)
 ParOldGen       total 120320K, used 30898K [0x0000000084a00000, 0x000000008bf80000, 0x00000000d6e00000)
  object space 120320K, 25% used [0x0000000084a00000,0x000000008682caa8,0x000000008bf80000)
 Metaspace       used 65018K, capacity 67176K, committed 67456K, reserved 1107968K
  class space    used 7560K, capacity 8057K, committed 8064K, reserved 1048576K
}
Event: 56.170 GC heap before
{Heap before GC invocations=26 (full 3):
 PSYoungGen      total 288256K, used 288253K [0x00000000d6e00000, 0x00000000e9e00000, 0x0000000100000000)
  eden space 270336K, 100% used [0x00000000d6e00000,0x00000000e7600000,0x00000000e7600000)
  from space 17920K, 99% used [0x00000000e8b00000,0x00000000e9c7f400,0x00000000e9c80000)
  to   space 20480K, 0% used [0x00000000e7600000,0x00000000e7600000,0x00000000e8a00000)
 ParOldGen       total 120320K, used 30898K [0x0000000084a00000, 0x000000008bf80000, 0x00000000d6e00000)
  object space 120320K, 25% used [0x0000000084a00000,0x000000008682caa8,0x000000008bf80000)
 Metaspace       used 69997K, capacity 72230K, committed 72448K, reserved 1114112K
  class space    used 8108K, capacity 8610K, committed 8704K, reserved 1048576K
Event: 56.230 GC heap after
Heap after GC invocations=26 (full 3):
 PSYoungGen      total 290816K, used 20464K [0x00000000d6e00000, 0x00000000eeb00000, 0x0000000100000000)
  eden space 270336K, 0% used [0x00000000d6e00000,0x00000000d6e00000,0x00000000e7600000)
  from space 20480K, 99% used [0x00000000e7600000,0x00000000e89fc368,0x00000000e8a00000)
  to   space 29696K, 0% used [0x00000000ece00000,0x00000000ece00000,0x00000000eeb00000)
 ParOldGen       total 120320K, used 47882K [0x0000000084a00000, 0x000000008bf80000, 0x00000000d6e00000)
  object space 120320K, 39% used [0x0000000084a00000,0x00000000878c2b40,0x000000008bf80000)
 Metaspace       used 69997K, capacity 72230K, committed 72448K, reserved 1114112K
  class space    used 8108K, capacity 8610K, committed 8704K, reserved 1048576K
}

Deoptimization events (10 events):
Event: 55.795 Thread 0x000000001bee2800 Uncommon trap: reason=class_check action=maybe_recompile pc=0x00000000041867c0 method=java.util.Collections$UnmodifiableMap$UnmodifiableEntrySet$UnmodifiableEntry.getKey()Ljava/lang/Object; @ 8
Event: 56.055 Thread 0x0000000024a29000 Uncommon trap: reason=unstable_if action=reinterpret pc=0x0000000004f50f3c method=org.objectweb.asm.ClassReader.b(Lorg/objectweb/asm/ClassVisitor;Lorg/objectweb/asm/Context;I)I @ 762
Event: 56.622 Thread 0x000000001bee2800 Uncommon trap: reason=predicate action=maybe_recompile pc=0x00000000031c1eb4 method=java.util.regex.Pattern$SliceI.match(Ljava/util/regex/Matcher;ILjava/lang/CharSequence;)Z @ 25
Event: 57.097 Thread 0x0000000024a28800 Uncommon trap: reason=unstable_if action=reinterpret pc=0x0000000004f762b4 method=org.objectweb.asm.ClassReader.a(Lorg/objectweb/asm/ClassVisitor;Lorg/objectweb/asm/Context;I)I @ 181
Event: 57.414 Thread 0x0000000024a27800 Uncommon trap: reason=unstable_if action=reinterpret pc=0x0000000003348560 method=org.objectweb.asm.ClassReader.a(II[C)Ljava/lang/String; @ 77
Event: 57.415 Thread 0x0000000024a27800 Uncommon trap: reason=unstable_if action=reinterpret pc=0x0000000003169dd0 method=org.objectweb.asm.ClassReader.a(II[C)Ljava/lang/String; @ 77
Event: 59.927 Thread 0x0000000024a28800 Uncommon trap: reason=unloaded action=reinterpret pc=0x0000000004f88240 method=org.objectweb.asm.ClassReader.accept(Lorg/objectweb/asm/ClassVisitor;[Lorg/objectweb/asm/Attribute;I)V @ 630
Event: 59.927 Thread 0x0000000024a28800 Uncommon trap: reason=unloaded action=reinterpret pc=0x0000000004f9af2c method=org.objectweb.asm.ClassReader.b(Lorg/objectweb/asm/ClassVisitor;Lorg/objectweb/asm/Context;I)I @ 478
Event: 61.534 Thread 0x0000000024a1e800 Uncommon trap: reason=unstable_if action=reinterpret pc=0x000000000507f8a8 method=org.objectweb.asm.ClassReader.b(Lorg/objectweb/asm/ClassVisitor;Lorg/objectweb/asm/Context;I)I @ 350
Event: 62.311 Thread 0x0000000024a24800 Uncommon trap: reason=unstable_if action=reinterpret pc=0x000000000509a808 method=org.objectweb.asm.ClassReader.accept(Lorg/objectweb/asm/ClassVisitor;[Lorg/objectweb/asm/Attribute;I)V @ 417

Internal exceptions (10 events):
Event: 55.792 Thread 0x000000001bee2800 Exception <a 'java/lang/NullPointerException'> (0x00000000dc857e40) thrown at [C:\re\workspace\8-2-build-windows-amd64-cygwin\jdk8u131\8869\hotspot\src\share\vm\runtime\sharedRuntime.cpp, line 605]
Event: 55.792 Thread 0x0000000024a2a800 Exception <a 'sun/nio/fs/WindowsException'> (0x00000000e41b3530) thrown at [C:\re\workspace\8-2-build-windows-amd64-cygwin\jdk8u131\8869\hotspot\src\share\vm\prims\jni.cpp, line 709]
Event: 60.763 Thread 0x0000000024a1e800 Implicit null exception at 0x00000000045fe2ab to 0x0000000004600727
Event: 60.763 Thread 0x0000000024a1e800 Exception <a 'java/lang/NullPointerException'> (0x00000000dfdf5ff8) thrown at [C:\re\workspace\8-2-build-windows-amd64-cygwin\jdk8u131\8869\hotspot\src\share\vm\runtime\sharedRuntime.cpp, line 605]
Event: 60.876 Thread 0x0000000024a25800 Implicit null exception at 0x00000000045fe2ab to 0x0000000004600727
Event: 60.876 Thread 0x0000000024a25800 Exception <a 'java/lang/NullPointerException'> (0x00000000e02536c0) thrown at [C:\re\workspace\8-2-build-windows-amd64-cygwin\jdk8u131\8869\hotspot\src\share\vm\runtime\sharedRuntime.cpp, line 605]
Event: 62.463 Thread 0x0000000024a28800 Exception <a 'java/lang/OutOfMemoryError'> (0x00000000e2480fb8) thrown at [C:\re\workspace\8-2-build-windows-amd64-cygwin\jdk8u131\8869\hotspot\src\share\vm\prims\jni.cpp, line 735]
Event: 62.463 Thread 0x0000000024a1e800 Exception <a 'java/lang/OutOfMemoryError'> (0x00000000e23d3028) thrown at [C:\re\workspace\8-2-build-windows-amd64-cygwin\jdk8u131\8869\hotspot\src\share\vm\prims\jni.cpp, line 735]
Event: 62.463 Thread 0x0000000024a2a800 Exception <a 'java/lang/OutOfMemoryError'> (0x00000000e1f77960) thrown at [C:\re\workspace\8-2-build-windows-amd64-cygwin\jdk8u131\8869\hotspot\src\share\vm\prims\jni.cpp, line 735]
Event: 62.465 Thread 0x0000000024a24800 Exception <a 'java/lang/OutOfMemoryError'> (0x00000000e2441920) thrown at [C:\re\workspace\8-2-build-windows-amd64-cygwin\jdk8u131\8869\hotspot\src\share\vm\prims\jni.cpp, line 735]

Events (10 events):
Event: 62.381 Thread 0x000000001e7b4800 flushing nmethod 0x0000000003b10910
Event: 62.381 Thread 0x000000001e7b4800 flushing nmethod 0x0000000003b3cc50
Event: 62.381 Thread 0x000000001e7b4800 flushing nmethod 0x0000000003ba3a10
Event: 62.382 Thread 0x000000001e7b4800 flushing nmethod 0x0000000003c07c90
Event: 62.382 Thread 0x000000001e7b4800 flushing nmethod 0x0000000003c08010
Event: 62.382 Thread 0x000000001e7b4800 flushing nmethod 0x0000000003c08f50
Event: 62.463 Thread 0x0000000024a28800 Uncommon trap: trap_request=0x00000028 fr.pc=0x000000000508fb48
Event: 62.463 Thread 0x0000000024a2a800 Uncommon trap: trap_request=0x00000028 fr.pc=0x000000000508fb48
Event: 62.463 Thread 0x0000000024a1e800 Uncommon trap: trap_request=0x00000028 fr.pc=0x000000000508fb48
Event: 62.465 Thread 0x0000000024a24800 Uncommon trap: trap_request=0x00000028 fr.pc=0x000000000508fb48


Dynamic libraries:
0x00007ff6c0820000 - 0x00007ff6c0857000 	F:\jdk\bin\java.exe
0x00007ffd50600000 - 0x00007ffd507d2000 	C:\windows\SYSTEM32\ntdll.dll
0x00007ffd4dce0000 - 0x00007ffd4dd8c000 	C:\windows\System32\KERNEL32.DLL
0x00007ffd4ccc0000 - 0x00007ffd4cedd000 	C:\windows\System32\KERNELBASE.dll
0x00007ffd4db90000 - 0x00007ffd4dc32000 	C:\windows\System32\ADVAPI32.dll
0x00007ffd4dc40000 - 0x00007ffd4dcde000 	C:\windows\System32\msvcrt.dll
0x00007ffd50380000 - 0x00007ffd503d9000 	C:\windows\System32\sechost.dll
0x00007ffd4fa80000 - 0x00007ffd4fba1000 	C:\windows\System32\RPCRT4.dll
0x00007ffd503e0000 - 0x00007ffd50545000 	C:\windows\System32\USER32.dll
0x00007ffd4d0b0000 - 0x00007ffd4d0ce000 	C:\windows\System32\win32u.dll
0x00007ffd505b0000 - 0x00007ffd505e4000 	C:\windows\System32\GDI32.dll
0x00007ffd4d960000 - 0x00007ffd4dae0000 	C:\windows\System32\gdi32full.dll
0x00007ffd42010000 - 0x00007ffd4228a000 	C:\windows\WinSxS\amd64_microsoft.windows.common-controls_6595b64144ccf1df_6.0.14393.953_none_42151e83c686086b\COMCTL32.dll
0x00007ffd4ff50000 - 0x00007ffd50218000 	C:\windows\System32\combase.dll
0x00007ffd4d7b0000 - 0x00007ffd4d8a5000 	C:\windows\System32\ucrtbase.dll
0x00007ffd4cc50000 - 0x00007ffd4ccba000 	C:\windows\System32\bcryptPrimitives.dll
0x00007ffd4de30000 - 0x00007ffd4de5e000 	C:\windows\System32\IMM32.DLL
0x000000005fa60000 - 0x000000005fb32000 	F:\jdk\jre\bin\msvcr100.dll
0x000000005f1c0000 - 0x000000005fa5c000 	F:\jdk\jre\bin\server\jvm.dll
0x00007ffd4fbb0000 - 0x00007ffd4fbb8000 	C:\windows\System32\PSAPI.DLL
0x00007ffd47170000 - 0x00007ffd47179000 	C:\windows\SYSTEM32\WSOCK32.dll
0x00007ffd4af00000 - 0x00007ffd4af23000 	C:\windows\SYSTEM32\WINMM.dll
0x00007ffd4b820000 - 0x00007ffd4b82a000 	C:\windows\SYSTEM32\VERSION.dll
0x00007ffd502a0000 - 0x00007ffd5030a000 	C:\windows\System32\WS2_32.dll
0x00007ffd4a8c0000 - 0x00007ffd4a8eb000 	C:\windows\SYSTEM32\WINMMBASE.dll
0x00007ffd4d8b0000 - 0x00007ffd4d8f2000 	C:\windows\System32\cfgmgr32.dll
0x000000005f1b0000 - 0x000000005f1bf000 	F:\jdk\jre\bin\verify.dll
0x000000005f180000 - 0x000000005f1a9000 	F:\jdk\jre\bin\java.dll
0x000000005f150000 - 0x000000005f173000 	F:\jdk\jre\bin\instrument.dll
0x000000005f130000 - 0x000000005f146000 	F:\jdk\jre\bin\zip.dll
0x00007ffd4e290000 - 0x00007ffd4f798000 	C:\windows\System32\SHELL32.dll
0x00007ffd4d0d0000 - 0x00007ffd4d7aa000 	C:\windows\System32\windows.storage.dll
0x00007ffd4cab0000 - 0x00007ffd4cafc000 	C:\windows\System32\powrprof.dll
0x00007ffd4fef0000 - 0x00007ffd4ff42000 	C:\windows\System32\shlwapi.dll
0x00007ffd4ca70000 - 0x00007ffd4ca7f000 	C:\windows\System32\kernel.appcore.dll
0x00007ffd4dae0000 - 0x00007ffd4db89000 	C:\windows\System32\shcore.dll
0x00007ffd4ca80000 - 0x00007ffd4ca94000 	C:\windows\System32\profapi.dll
0x000000005f110000 - 0x000000005f12a000 	F:\jdk\jre\bin\net.dll
0x0000000019380000 - 0x000000001a2d6000 	C:\windows\system32\networkdlllspx64.dll
0x00007ffd4fd20000 - 0x00007ffd4fddf000 	C:\windows\System32\oleaut32.dll
0x00007ffd4cbb0000 - 0x00007ffd4cc4c000 	C:\windows\System32\msvcp_win.dll
0x00007ffd4be10000 - 0x00007ffd4be42000 	C:\windows\SYSTEM32\ntmarta.dll
0x00007ffd4c340000 - 0x00007ffd4c39c000 	C:\windows\system32\mswsock.dll
0x000000005f0f0000 - 0x000000005f101000 	F:\jdk\jre\bin\nio.dll
0x000000005f0c0000 - 0x000000005f0e4000 	F:\jdk\jre\bin\sunec.dll
0x000000005f0b0000 - 0x000000005f0bd000 	F:\jdk\jre\bin\management.dll
0x00007ffd12b50000 - 0x00007ffd12b6b000 	C:\Users\Administrator\.jrebel\jrebel-temp\ver-cde7bbdd\IdeaWin64.dll
0x000000005f0a0000 - 0x000000005f0ab000 	F:\jdk\jre\bin\sunmscapi.dll
0x00007ffd4cee0000 - 0x00007ffd4d0a9000 	C:\windows\System32\CRYPT32.dll
0x00007ffd4caa0000 - 0x00007ffd4cab0000 	C:\windows\System32\MSASN1.dll
0x00007ffd4c0c0000 - 0x00007ffd4c0f8000 	C:\windows\SYSTEM32\IPHLPAPI.DLL
0x00007ffd505f0000 - 0x00007ffd505f8000 	C:\windows\System32\NSI.dll
0x00007ffd44fa0000 - 0x00007ffd44fb6000 	C:\windows\SYSTEM32\dhcpcsvc6.DLL
0x00007ffd46b00000 - 0x00007ffd46b1a000 	C:\windows\SYSTEM32\dhcpcsvc.DLL
0x00007ffd4c4e0000 - 0x00007ffd4c4f7000 	C:\windows\SYSTEM32\CRYPTSP.dll
0x00007ffd4bf40000 - 0x00007ffd4bf73000 	C:\windows\system32\rsaenh.dll
0x00007ffd4c9c0000 - 0x00007ffd4c9eb000 	C:\windows\SYSTEM32\bcrypt.dll
0x00007ffd4c1c0000 - 0x00007ffd4c1df000 	C:\windows\SYSTEM32\USERENV.dll
0x00007ffd4c500000 - 0x00007ffd4c50b000 	C:\windows\SYSTEM32\CRYPTBASE.dll
0x00007ffd4c100000 - 0x00007ffd4c1a1000 	C:\windows\SYSTEM32\DNSAPI.dll
0x00007ffd41b40000 - 0x00007ffd41b4a000 	C:\Windows\System32\rasadhlp.dll
0x00007ffd44fe0000 - 0x00007ffd4504a000 	C:\windows\System32\fwpuclnt.dll
0x00007ffd12b20000 - 0x00007ffd12b3a000 	G:\IntelliJ IDEA 2019.2.3\bin\breakgen64.dll
0x00007ffd12b10000 - 0x00007ffd12b1a000 	C:\Users\Administrator\AppData\Local\Temp\jansi-1.17.1-6789945769485125795.dll
0x00007ffd12b00000 - 0x00007ffd12b0a000 	C:\Users\Administrator\AppData\Local\Temp\jansi-1.17.1-2741855101422584963.dll

VM Arguments:
jvm_args: -Drebel.base=C:\Users\Administrator\.jrebel -Drebel.env.ide.plugin.version=2020.2.1 -Drebel.env.ide.version=2019.2.3 -Drebel.env.ide.product=IU -Drebel.env.ide=intellij -Drebel.notification.url=http://localhost:17434 -javaagent:C:\Users\Administrator\.IntelliJIdea2019.2\config\plugins\jr-ide-idea\lib\xrebel\xrebel.jar -javaagent:C:\Users\Administrator\.IntelliJIdea2019.2\config\plugins\jr-ide-idea\lib\jrebel6\jrebel.jar -Xbootclasspath/p:C:\Users\Administrator\.jrebel\bootcache\_jrebel_bootstrap_1589082708093.jar -Dmaven.multiModuleProjectDirectory=G:\backend\feitest -Dmaven.home=G:\IntelliJ IDEA 2019.2.3\plugins\maven\lib\maven3 -Dclassworlds.conf=G:\IntelliJ IDEA 2019.2.3\plugins\maven\lib\maven3\bin\m2.conf -Dmaven.ext.class.path=G:\IntelliJ IDEA 2019.2.3\plugins\maven\lib\maven-event-listener.jar -javaagent:G:\IntelliJ IDEA 2019.2.3\lib\idea_rt.jar=10609:G:\IntelliJ IDEA 2019.2.3\bin -Dfile.encoding=UTF-8 
java_command: org.codehaus.classworlds.Launcher -Didea.version2019.2.3 jetty:run
java_class_path (initial): G:\IntelliJ IDEA 2019.2.3\plugins\maven\lib\maven3\boot\plexus-classworlds-2.6.0.jar;C:\Users\Administrator\.IntelliJIdea2019.2\config\plugins\jr-ide-idea\lib\xrebel\xrebel.jar;C:\Users\Administrator\.IntelliJIdea2019.2\config\plugins\jr-ide-idea\lib\jrebel6\jrebel.jar;G:\IntelliJ IDEA 2019.2.3\lib\idea_rt.jar
Launcher Type: SUN_STANDARD

Environment Variables:
JAVA_HOME=F:\jdk
CLASSPATH=F:\jdk\lib;F:\jdk\lib\tools.jar
PATH=D:\软件\xshell\;C;\ProgramData\Oracle\Java\javapath;C:\windows\system32;C:\windows;C:\windows\System32\Wbem;C:\windows\System32\WindowsPowerShell\v1.0\;C:\Program Files\Common Files\Autodesk Shared\;F:\mingw\bin;C:\Program Files (x86)\Common Files\Thunder Network\KanKan\Codecs;C:\Program Files (x86)\NVIDIA Corporation\PhysX\Common;C:\Program Files\NVIDIA Corporation\NVIDIA NvDLISR;G:\workspace\;G:\workspace\Git\cmd;F:\python\Scripts\;F:\python\;C:\Users\Administrator\AppData\Local\Microsoft\WindowsApps;F:\java\bin;F:\java\jre\bin;E:\新建文件夹\MySQL\mysql-5.7.20-winx64\bin;F:\qt\5.10.1\mingw53_32\bin;F:\qt\Tools\mingw530_32\bin;F:\Maven\apache-maven-3.6.2\bin;C:\Users\Administrator\AppData\Roaming\npm
USERNAME=Administrator
OS=Windows_NT
PROCESSOR_IDENTIFIER=Intel64 Family 6 Model 78 Stepping 3, GenuineIntel



---------------  S Y S T E M  ---------------

OS: Windows 10.0 , 64 bit Build 14393 (10.0.14393.1198)

CPU:total 4 (initial active 4) (2 cores per cpu, 2 threads per core) family 6 model 78 stepping 3, cmov, cx8, fxsr, mmx, sse, sse2, sse3, ssse3, sse4.1, sse4.2, popcnt, avx, avx2, aes, clmul, erms, 3dnowpref, lzcnt, ht, tsc, tscinvbit, bmi1, bmi2, adx

Memory: 4k page, physical 8082844k(275616k free), swap 10010012k(2088k free)

vm_info: Java HotSpot(TM) 64-Bit Server VM (25.131-b11) for windows-amd64 JRE (1.8.0_131-b11), built on Mar 15 2017 01:23:53 by "java_re" with MS VC++ 10.0 (VS2010)

time: Sun May 10 11:53:23 2020
elapsed time: 63 seconds (0d 0h 1m 3s)

